<?xml version="1.0" encoding="UTF-8"?>
<!-- Generated by org.testng.reporters.JUnitReportReporter -->
<testsuite hostname="Samaya-PC" failures="0" tests="1" name="jenkins.Test3" time="0.005" errors="0" timestamp="2022-05-26T18:07:46 IST" skipped="0">
  <testcase classname="jenkins.Test3" name="tc3" time="0.005"/>
  <system-out>
    <![CDATA[Hello java]]>
  </system-out>
</testsuite> <!-- jenkins.Test3 -->
