<?xml version="1.0" encoding="UTF-8"?>
<!-- Generated by org.testng.reporters.JUnitReportReporter -->
<testsuite hostname="Samaya-PC" failures="0" tests="1" name="scripts.TestCase1" time="9.474" errors="0" timestamp="2022-05-22T17:36:58 IST" skipped="0">
  <testcase classname="scripts.TestCase1" name="tc1" time="9.474"/>
  <system-out/>
</testsuite> <!-- scripts.TestCase1 -->
