<?xml version="1.0" encoding="UTF-8"?>
<!-- Generated by org.testng.reporters.JUnitReportReporter -->
<testsuite hostname="Samaya-PC" failures="0" tests="1" name="scripts.TestCase2" time="12.119" errors="0" timestamp="2022-05-22T17:36:58 IST" skipped="0">
  <testcase classname="scripts.TestCase2" name="tc2" time="12.119"/>
  <system-out/>
</testsuite> <!-- scripts.TestCase2 -->
