<?xml version="1.0" encoding="UTF-8"?>
<!-- Generated by org.testng.reporters.JUnitReportReporter -->
<testsuite hostname="Samaya-PC" failures="0" tests="1" name="jenkins.Test2" time="0.002" errors="0" timestamp="2022-05-26T18:07:46 IST" skipped="0">
  <testcase classname="jenkins.Test2" name="tc4" time="0.002"/>
  <system-out>
    <![CDATA[Hello SQL]]>
  </system-out>
</testsuite> <!-- jenkins.Test2 -->
