<?xml version="1.0" encoding="UTF-8"?>
<!-- Generated by org.testng.reporters.JUnitReportReporter -->
<testsuite hostname="Samaya-PC" failures="0" tests="1" name="jenkins.Test4" time="0.001" errors="0" timestamp="2022-05-26T18:07:46 IST" skipped="0">
  <testcase classname="jenkins.Test4" name="tc2" time="0.001"/>
  <system-out>
    <![CDATA[Hello Selenium,Test1.java]]>
  </system-out>
</testsuite> <!-- jenkins.Test4 -->
